Streaming transaction logs mentioning voteLp9rMPNKRRWwt7Eya81zyFCjzwk2T5XYRJQYtLf. Confirmed commitment
Transaction executed in slot 5233:
  Signature: 5YaubBzihK2Pw3PkwU3NuPWvQSLKo3TNnh8nnTp5mMEYPgvbMWaq8qUnsRvfXkN5F2DQVUwTKvtb3NaPEgi6cJXv
  Status: Ok
  Log Messages:
    Program voteLp9rMPNKRRWwt7Eya81zyFCjzwk2T5XYRJQYtLf invoke [1]
    Program log: Instruction: Deposit
    Program 11111111111111111111111111111111 invoke [2]
    Program 11111111111111111111111111111111 success
    Program voteLp9rMPNKRRWwt7Eya81zyFCjzwk2T5XYRJQYtLf consumed 5322 of 200000 compute units
    Program voteLp9rMPNKRRWwt7Eya81zyFCjzwk2T5XYRJQYtLf success
Transaction executed in slot 5234:
  Signature: 27CZYAz7AzTbXC1ZZjc14ysi1aHdnPpJSmrwE8EJuhkfs6C8Hqe7Y8ddpZaRkik5qyo1Y5fDSRDUupG1awfYWkDB
  Status: Ok
  Log Messages:
    Program voteLp9rMPNKRRWwt7Eya81zyFCjzwk2T5XYRJQYtLf invoke [1]
    Program log: Instruction: Close
    Program log: log something
    Program 11111111111111111111111111111111 invoke [2]
    Program 11111111111111111111111111111111 success
    Program voteLp9rMPNKRRWwt7Eya81zyFCjzwk2T5XYRJQYtLf consumed 5480 of 200000 compute units
    Program voteLp9rMPNKRRWwt7Eya81zyFCjzwk2T5XYRJQYtLf success
